2026-05-11 00:36:23,420 INFO apscheduler.scheduler: Adding job tentatively -- it will be properly scheduled when the scheduler starts
2026-05-11 00:36:23,420 INFO apscheduler.scheduler: Adding job tentatively -- it will be properly scheduled when the scheduler starts
2026-05-11 00:36:23,420 INFO apscheduler.scheduler: Adding job tentatively -- it will be properly scheduled when the scheduler starts
2026-05-11 00:36:23,420 INFO __main__: Starting Telegram bot (polling)
2026-05-11 00:36:23,716 INFO httpx: HTTP Request: POST https://api.telegram.org/bot8628085120:REDACTED/getMe "HTTP/1.1 200 OK"
2026-05-11 00:36:23,718 INFO apscheduler.scheduler: Added job "_run_news_digest" to job store "default"
2026-05-11 00:36:23,719 INFO apscheduler.scheduler: Added job "_run_news_digest" to job store "default"
2026-05-11 00:36:23,719 INFO apscheduler.scheduler: Added job "_check_reminders" to job store "default"
2026-05-11 00:36:23,719 INFO apscheduler.scheduler: Scheduler started
2026-05-11 00:36:23,719 INFO __main__: Scheduler started
2026-05-11 00:36:23,819 INFO httpx: HTTP Request: POST https://api.telegram.org/bot8628085120:REDACTED/deleteWebhook "HTTP/1.1 200 OK"
2026-05-11 00:36:23,821 INFO apscheduler.scheduler: Scheduler started
2026-05-11 00:36:23,821 INFO telegram.ext.Application: Application started
2026-05-11 00:36:34,107 INFO httpx: HTTP Request: POST https://api.telegram.org/bot8628085120:REDACTED/getUpdates "HTTP/1.1 200 OK"
2026-05-11 00:36:44,202 INFO httpx: HTTP Request: POST https://api.telegram.org/bot8628085120:REDACTED/getUpdates "HTTP/1.1 200 OK"
2026-05-11 00:36:54,397 INFO httpx: HTTP Request: POST https://api.telegram.org/bot8628085120:REDACTED/getUpdates "HTTP/1.1 200 OK"
2026-05-11 00:37:04,535 INFO httpx: HTTP Request: POST https://api.telegram.org/bot8628085120:REDACTED/getUpdates "HTTP/1.1 200 OK"
2026-05-11 00:37:14,672 INFO httpx: HTTP Request: POST https://api.telegram.org/bot8628085120:REDACTED/getUpdates "HTTP/1.1 200 OK"
2026-05-11 00:37:23,422 INFO apscheduler.executors.default: Running job "_check_reminders (trigger: interval[0:01:00], next run at: 2026-05-11 00:38:23 EDT)" (scheduled at 2026-05-11 00:37:23.420726-04:00)
2026-05-11 00:37:23,423 INFO apscheduler.executors.default: Job "_check_reminders (trigger: interval[0:01:00], next run at: 2026-05-11 00:38:23 EDT)" executed successfully
2026-05-11 00:37:24,810 INFO httpx: HTTP Request: POST https://api.telegram.org/bot8628085120:REDACTED/getUpdates "HTTP/1.1 200 OK"
2026-05-11 00:37:34,902 INFO httpx: HTTP Request: POST https://api.telegram.org/bot8628085120:REDACTED/getUpdates "HTTP/1.1 200 OK"
2026-05-11 00:37:44,990 INFO httpx: HTTP Request: POST https://api.telegram.org/bot8628085120:REDACTED/getUpdates "HTTP/1.1 200 OK"
2026-05-11 00:37:55,083 INFO httpx: HTTP Request: POST https://api.telegram.org/bot8628085120:REDACTED/getUpdates "HTTP/1.1 200 OK"
2026-05-11 00:38:05,172 INFO httpx: HTTP Request: POST https://api.telegram.org/bot8628085120:REDACTED/getUpdates "HTTP/1.1 200 OK"
2026-05-11 00:38:15,260 INFO httpx: HTTP Request: POST https://api.telegram.org/bot8628085120:REDACTED/getUpdates "HTTP/1.1 200 OK"
2026-05-11 00:38:23,422 INFO apscheduler.executors.default: Running job "_check_reminders (trigger: interval[0:01:00], next run at: 2026-05-11 00:39:23 EDT)" (scheduled at 2026-05-11 00:38:23.420726-04:00)
2026-05-11 00:38:23,422 INFO apscheduler.executors.default: Job "_check_reminders (trigger: interval[0:01:00], next run at: 2026-05-11 00:39:23 EDT)" executed successfully
2026-05-11 00:38:25,405 INFO httpx: HTTP Request: POST https://api.telegram.org/bot8628085120:REDACTED/getUpdates "HTTP/1.1 200 OK"
2026-05-11 00:38:35,544 INFO httpx: HTTP Request: POST https://api.telegram.org/bot8628085120:REDACTED/getUpdates "HTTP/1.1 200 OK"
2026-05-11 00:38:45,681 INFO httpx: HTTP Request: POST https://api.telegram.org/bot8628085120:REDACTED/getUpdates "HTTP/1.1 200 OK"
2026-05-11 00:38:55,773 INFO httpx: HTTP Request: POST https://api.telegram.org/bot8628085120:REDACTED/getUpdates "HTTP/1.1 200 OK"
2026-05-11 00:39:05,874 INFO httpx: HTTP Request: POST https://api.telegram.org/bot8628085120:REDACTED/getUpdates "HTTP/1.1 200 OK"
2026-05-11 00:39:15,973 INFO httpx: HTTP Request: POST https://api.telegram.org/bot8628085120:REDACTED/getUpdates "HTTP/1.1 200 OK"
2026-05-11 00:39:23,421 INFO apscheduler.executors.default: Running job "_check_reminders (trigger: interval[0:01:00], next run at: 2026-05-11 00:40:23 EDT)" (scheduled at 2026-05-11 00:39:23.420726-04:00)
2026-05-11 00:39:23,422 INFO apscheduler.executors.default: Job "_check_reminders (trigger: interval[0:01:00], next run at: 2026-05-11 00:40:23 EDT)" executed successfully
2026-05-11 00:39:26,073 INFO httpx: HTTP Request: POST https://api.telegram.org/bot8628085120:REDACTED/getUpdates "HTTP/1.1 200 OK"
2026-05-11 00:39:36,170 INFO httpx: HTTP Request: POST https://api.telegram.org/bot8628085120:REDACTED/getUpdates "HTTP/1.1 200 OK"
2026-05-11 00:39:46,261 INFO httpx: HTTP Request: POST https://api.telegram.org/bot8628085120:REDACTED/getUpdates "HTTP/1.1 200 OK"
2026-05-11 00:39:56,439 INFO httpx: HTTP Request: POST https://api.telegram.org/bot8628085120:REDACTED/getUpdates "HTTP/1.1 200 OK"
2026-05-11 00:40:06,535 INFO httpx: HTTP Request: POST https://api.telegram.org/bot8628085120:REDACTED/getUpdates "HTTP/1.1 200 OK"
2026-05-11 00:40:16,635 INFO httpx: HTTP Request: POST https://api.telegram.org/bot8628085120:REDACTED/getUpdates "HTTP/1.1 200 OK"
2026-05-11 00:40:23,422 INFO apscheduler.executors.default: Running job "_check_reminders (trigger: interval[0:01:00], next run at: 2026-05-11 00:41:23 EDT)" (scheduled at 2026-05-11 00:40:23.420726-04:00)
2026-05-11 00:40:23,423 INFO apscheduler.executors.default: Job "_check_reminders (trigger: interval[0:01:00], next run at: 2026-05-11 00:41:23 EDT)" executed successfully
2026-05-11 00:40:26,732 INFO httpx: HTTP Request: POST https://api.telegram.org/bot8628085120:REDACTED/getUpdates "HTTP/1.1 200 OK"
2026-05-11 00:40:36,827 INFO httpx: HTTP Request: POST https://api.telegram.org/bot8628085120:REDACTED/getUpdates "HTTP/1.1 200 OK"
2026-05-11 00:40:46,922 INFO httpx: HTTP Request: POST https://api.telegram.org/bot8628085120:REDACTED/getUpdates "HTTP/1.1 200 OK"
2026-05-11 00:40:57,016 INFO httpx: HTTP Request: POST https://api.telegram.org/bot8628085120:REDACTED/getUpdates "HTTP/1.1 200 OK"
2026-05-11 00:41:07,116 INFO httpx: HTTP Request: POST https://api.telegram.org/bot8628085120:REDACTED/getUpdates "HTTP/1.1 200 OK"
2026-05-11 00:41:17,213 INFO httpx: HTTP Request: POST https://api.telegram.org/bot8628085120:REDACTED/getUpdates "HTTP/1.1 200 OK"
2026-05-11 00:41:23,423 INFO apscheduler.executors.default: Running job "_check_reminders (trigger: interval[0:01:00], next run at: 2026-05-11 00:42:23 EDT)" (scheduled at 2026-05-11 00:41:23.420726-04:00)
2026-05-11 00:41:23,424 INFO apscheduler.executors.default: Job "_check_reminders (trigger: interval[0:01:00], next run at: 2026-05-11 00:42:23 EDT)" executed successfully
2026-05-11 00:41:27,312 INFO httpx: HTTP Request: POST https://api.telegram.org/bot8628085120:REDACTED/getUpdates "HTTP/1.1 200 OK"
2026-05-11 00:41:37,408 INFO httpx: HTTP Request: POST https://api.telegram.org/bot8628085120:REDACTED/getUpdates "HTTP/1.1 200 OK"
2026-05-11 00:41:47,502 INFO httpx: HTTP Request: POST https://api.telegram.org/bot8628085120:REDACTED/getUpdates "HTTP/1.1 200 OK"
2026-05-11 00:41:57,609 INFO httpx: HTTP Request: POST https://api.telegram.org/bot8628085120:REDACTED/getUpdates "HTTP/1.1 200 OK"
2026-05-11 00:42:07,708 INFO httpx: HTTP Request: POST https://api.telegram.org/bot8628085120:REDACTED/getUpdates "HTTP/1.1 200 OK"
2026-05-11 00:42:17,800 INFO httpx: HTTP Request: POST https://api.telegram.org/bot8628085120:REDACTED/getUpdates "HTTP/1.1 200 OK"
2026-05-11 00:42:23,423 INFO apscheduler.executors.default: Running job "_check_reminders (trigger: interval[0:01:00], next run at: 2026-05-11 00:43:23 EDT)" (scheduled at 2026-05-11 00:42:23.420726-04:00)
2026-05-11 00:42:23,426 INFO apscheduler.executors.default: Job "_check_reminders (trigger: interval[0:01:00], next run at: 2026-05-11 00:43:23 EDT)" executed successfully
2026-05-11 00:42:27,895 INFO httpx: HTTP Request: POST https://api.telegram.org/bot8628085120:REDACTED/getUpdates "HTTP/1.1 200 OK"
2026-05-11 00:42:37,989 INFO httpx: HTTP Request: POST https://api.telegram.org/bot8628085120:REDACTED/getUpdates "HTTP/1.1 200 OK"
2026-05-11 00:42:48,088 INFO httpx: HTTP Request: POST https://api.telegram.org/bot8628085120:REDACTED/getUpdates "HTTP/1.1 200 OK"
2026-05-11 00:42:58,181 INFO httpx: HTTP Request: POST https://api.telegram.org/bot8628085120:REDACTED/getUpdates "HTTP/1.1 200 OK"
2026-05-11 00:43:08,282 INFO httpx: HTTP Request: POST https://api.telegram.org/bot8628085120:REDACTED/getUpdates "HTTP/1.1 200 OK"
2026-05-11 00:43:18,395 INFO httpx: HTTP Request: POST https://api.telegram.org/bot8628085120:REDACTED/getUpdates "HTTP/1.1 200 OK"
2026-05-11 00:43:23,425 INFO apscheduler.executors.default: Running job "_check_reminders (trigger: interval[0:01:00], next run at: 2026-05-11 00:44:23 EDT)" (scheduled at 2026-05-11 00:43:23.420726-04:00)
2026-05-11 00:43:23,429 INFO apscheduler.executors.default: Job "_check_reminders (trigger: interval[0:01:00], next run at: 2026-05-11 00:44:23 EDT)" executed successfully
2026-05-11 00:43:28,510 INFO httpx: HTTP Request: POST https://api.telegram.org/bot8628085120:REDACTED/getUpdates "HTTP/1.1 200 OK"
2026-05-11 00:43:38,612 INFO httpx: HTTP Request: POST https://api.telegram.org/bot8628085120:REDACTED/getUpdates "HTTP/1.1 200 OK"
2026-05-11 00:43:48,710 INFO httpx: HTTP Request: POST https://api.telegram.org/bot8628085120:REDACTED/getUpdates "HTTP/1.1 200 OK"
2026-05-11 00:43:58,810 INFO httpx: HTTP Request: POST https://api.telegram.org/bot8628085120:REDACTED/getUpdates "HTTP/1.1 200 OK"
2026-05-11 00:44:08,906 INFO httpx: HTTP Request: POST https://api.telegram.org/bot8628085120:REDACTED/getUpdates "HTTP/1.1 200 OK"
2026-05-11 00:44:18,998 INFO httpx: HTTP Request: POST https://api.telegram.org/bot8628085120:REDACTED/getUpdates "HTTP/1.1 200 OK"
2026-05-11 00:44:23,422 INFO apscheduler.executors.default: Running job "_check_reminders (trigger: interval[0:01:00], next run at: 2026-05-11 00:45:23 EDT)" (scheduled at 2026-05-11 00:44:23.420726-04:00)
2026-05-11 00:44:23,424 INFO apscheduler.executors.default: Job "_check_reminders (trigger: interval[0:01:00], next run at: 2026-05-11 00:45:23 EDT)" executed successfully
2026-05-11 00:44:29,096 INFO httpx: HTTP Request: POST https://api.telegram.org/bot8628085120:REDACTED/getUpdates "HTTP/1.1 200 OK"
2026-05-11 00:44:39,189 INFO httpx: HTTP Request: POST https://api.telegram.org/bot8628085120:REDACTED/getUpdates "HTTP/1.1 200 OK"
2026-05-11 00:44:49,282 INFO httpx: HTTP Request: POST https://api.telegram.org/bot8628085120:REDACTED/getUpdates "HTTP/1.1 200 OK"
2026-05-11 00:44:59,380 INFO httpx: HTTP Request: POST https://api.telegram.org/bot8628085120:REDACTED/getUpdates "HTTP/1.1 200 OK"
2026-05-11 00:45:09,491 INFO httpx: HTTP Request: POST https://api.telegram.org/bot8628085120:REDACTED/getUpdates "HTTP/1.1 200 OK"
2026-05-11 00:45:19,588 INFO httpx: HTTP Request: POST https://api.telegram.org/bot8628085120:REDACTED/getUpdates "HTTP/1.1 200 OK"
2026-05-11 00:45:23,423 INFO apscheduler.executors.default: Running job "_check_reminders (trigger: interval[0:01:00], next run at: 2026-05-11 00:46:23 EDT)" (scheduled at 2026-05-11 00:45:23.420726-04:00)
2026-05-11 00:45:23,425 INFO apscheduler.executors.default: Job "_check_reminders (trigger: interval[0:01:00], next run at: 2026-05-11 00:46:23 EDT)" executed successfully
2026-05-11 00:45:29,680 INFO httpx: HTTP Request: POST https://api.telegram.org/bot8628085120:REDACTED/getUpdates "HTTP/1.1 200 OK"
2026-05-11 00:45:39,786 INFO httpx: HTTP Request: POST https://api.telegram.org/bot8628085120:REDACTED/getUpdates "HTTP/1.1 200 OK"
2026-05-11 00:45:49,882 INFO httpx: HTTP Request: POST https://api.telegram.org/bot8628085120:REDACTED/getUpdates "HTTP/1.1 200 OK"
2026-05-11 00:45:59,974 INFO httpx: HTTP Request: POST https://api.telegram.org/bot8628085120:REDACTED/getUpdates "HTTP/1.1 200 OK"
2026-05-11 00:46:10,076 INFO httpx: HTTP Request: POST https://api.telegram.org/bot8628085120:REDACTED/getUpdates "HTTP/1.1 200 OK"
2026-05-11 00:46:20,178 INFO httpx: HTTP Request: POST https://api.telegram.org/bot8628085120:REDACTED/getUpdates "HTTP/1.1 200 OK"
2026-05-11 00:46:23,423 INFO apscheduler.executors.default: Running job "_check_reminders (trigger: interval[0:01:00], next run at: 2026-05-11 00:47:23 EDT)" (scheduled at 2026-05-11 00:46:23.420726-04:00)
2026-05-11 00:46:23,426 INFO apscheduler.executors.default: Job "_check_reminders (trigger: interval[0:01:00], next run at: 2026-05-11 00:47:23 EDT)" executed successfully
2026-05-11 00:46:30,278 INFO httpx: HTTP Request: POST https://api.telegram.org/bot8628085120:REDACTED/getUpdates "HTTP/1.1 200 OK"
2026-05-11 00:46:40,373 INFO httpx: HTTP Request: POST https://api.telegram.org/bot8628085120:REDACTED/getUpdates "HTTP/1.1 200 OK"
2026-05-11 00:46:50,470 INFO httpx: HTTP Request: POST https://api.telegram.org/bot8628085120:REDACTED/getUpdates "HTTP/1.1 200 OK"
2026-05-11 00:47:00,575 INFO httpx: HTTP Request: POST https://api.telegram.org/bot8628085120:REDACTED/getUpdates "HTTP/1.1 200 OK"
2026-05-11 00:47:10,676 INFO httpx: HTTP Request: POST https://api.telegram.org/bot8628085120:REDACTED/getUpdates "HTTP/1.1 200 OK"
2026-05-11 00:47:20,783 INFO httpx: HTTP Request: POST https://api.telegram.org/bot8628085120:REDACTED/getUpdates "HTTP/1.1 200 OK"
2026-05-11 00:47:23,422 INFO apscheduler.executors.default: Running job "_check_reminders (trigger: interval[0:01:00], next run at: 2026-05-11 00:48:23 EDT)" (scheduled at 2026-05-11 00:47:23.420726-04:00)
2026-05-11 00:47:23,424 INFO apscheduler.executors.default: Job "_check_reminders (trigger: interval[0:01:00], next run at: 2026-05-11 00:48:23 EDT)" executed successfully
2026-05-11 00:47:30,872 INFO httpx: HTTP Request: POST https://api.telegram.org/bot8628085120:REDACTED/getUpdates "HTTP/1.1 200 OK"
2026-05-11 00:47:40,987 INFO httpx: HTTP Request: POST https://api.telegram.org/bot8628085120:REDACTED/getUpdates "HTTP/1.1 200 OK"
2026-05-11 00:47:51,082 INFO httpx: HTTP Request: POST https://api.telegram.org/bot8628085120:REDACTED/getUpdates "HTTP/1.1 200 OK"
2026-05-11 00:48:01,183 INFO httpx: HTTP Request: POST https://api.telegram.org/bot8628085120:REDACTED/getUpdates "HTTP/1.1 200 OK"
2026-05-11 00:48:11,289 INFO httpx: HTTP Request: POST https://api.telegram.org/bot8628085120:REDACTED/getUpdates "HTTP/1.1 200 OK"
2026-05-11 00:48:21,383 INFO httpx: HTTP Request: POST https://api.telegram.org/bot8628085120:REDACTED/getUpdates "HTTP/1.1 200 OK"
2026-05-11 00:48:23,423 INFO apscheduler.executors.default: Running job "_check_reminders (trigger: interval[0:01:00], next run at: 2026-05-11 00:49:23 EDT)" (scheduled at 2026-05-11 00:48:23.420726-04:00)
2026-05-11 00:48:23,424 INFO apscheduler.executors.default: Job "_check_reminders (trigger: interval[0:01:00], next run at: 2026-05-11 00:49:23 EDT)" executed successfully
2026-05-11 00:48:31,481 INFO httpx: HTTP Request: POST https://api.telegram.org/bot8628085120:REDACTED/getUpdates "HTTP/1.1 200 OK"
2026-05-11 00:48:41,585 INFO httpx: HTTP Request: POST https://api.telegram.org/bot8628085120:REDACTED/getUpdates "HTTP/1.1 200 OK"
2026-05-11 00:48:51,686 INFO httpx: HTTP Request: POST https://api.telegram.org/bot8628085120:REDACTED/getUpdates "HTTP/1.1 200 OK"
